10:24:22.695  INFO  manager.ApplicationManager - All tests start in Chrome Browser
10:24:24.948  INFO  manager.ApplicationManager - Current url --> https://telranedu.web.app/home
10:24:24.963  INFO  tests.TestBase - The name of the starts method is --->loginSuccessNew
10:24:24.964  INFO  manager.ListenerWD - Before find element --> By.xpath: //button[text()='Sign Out']
10:24:30.021  INFO  manager.ListenerWD - We have a 'PROBLEM'
10:24:30.022  INFO  manager.ListenerWD - ******************************
10:24:30.022  INFO  manager.ListenerWD - Method method -->findElement
10:24:30.022  INFO  manager.ListenerWD - ******************************
10:24:30.024  INFO  manager.ListenerWD - InvocationTargetException getTargetExceptionorg.openqa.selenium.NoSuchElementException: no such element: Unable to locate element: {"method":"xpath","selector":"//button[text()='Sign Out']"}
  (Session info: chrome=109.0.5414.119)
For documentation on this error, please visit: https://selenium.dev/exceptions/#no_such_element
Build info: version: '4.7.1', revision: 'c6795baf1a3'
System info: os.name: 'Mac OS X', os.arch: 'aarch64', os.version: '13.0.1', java.version: '11.0.17'
Driver info: org.openqa.selenium.chrome.ChromeDriver
Command: [aec49e3a742390419262d52d19429947, findElement {using=xpath, value=//button[text()='Sign Out']}]
Capabilities {acceptInsecureCerts: false, browserName: chrome, browserVersion: 109.0.5414.119, chrome: {chromedriverVersion: 109.0.5414.74 (e7c5703604da..., userDataDir: /var/folders/_h/0pcbs0gj1fd...}, goog:chromeOptions: {debuggerAddress: localhost:49726}, networkConnectionEnabled: false, pageLoadStrategy: normal, platformName: MAC, proxy: Proxy(), se:cdp: ws://localhost:49726/devtoo..., se:cdpVersion: 109.0.5414.119, setWindowRect: true, strictFileInteractability: false, timeouts: {implicit: 0, pageLoad: 300000, script: 30000}, unhandledPromptBehavior: dismiss and notify, webauthn:extension:credBlob: true, webauthn:extension:largeBlob: true, webauthn:virtualAuthenticators: true}
Session ID: aec49e3a742390419262d52d19429947
10:24:30.024  INFO  manager.ListenerWD - ******************************
10:24:30.025  INFO  manager.ListenerWD - Object target---->> ChromeDriver: chrome on MAC (aec49e3a742390419262d52d19429947)
10:24:30.025  INFO  manager.ListenerWD - ******************************
10:24:30.025  INFO  tests.TestBase - Logout success
10:24:30.026  INFO  tests.TestBase - Login with valid data: pokh@1i.ua  &  Yyp12345!
10:24:30.026  INFO  manager.ListenerWD - Before find element --> By.cssSelector: a[href='/login']
10:24:30.054  INFO  manager.ListenerWD - After find element --> By.cssSelector: a[href='/login']
10:24:30.513  INFO  manager.ListenerWD - Before find element --> By.name: email
10:24:30.550  INFO  manager.ListenerWD - After find element --> By.name: email
10:24:31.040  INFO  manager.ListenerWD - Before find element --> By.name: password
10:24:31.071  INFO  manager.ListenerWD - After find element --> By.name: password
10:24:31.209  INFO  manager.ListenerWD - Before find element --> By.cssSelector: [name='login']
10:24:31.226  INFO  manager.ListenerWD - After find element --> By.cssSelector: [name='login']
10:24:31.803  INFO  manager.ListenerWD - Before find element --> By.xpath: //button[text()='Sign Out']
10:24:32.425  INFO  manager.ListenerWD - We have a 'PROBLEM'
10:24:32.426  INFO  manager.ListenerWD - ******************************
10:24:32.426  INFO  manager.ListenerWD - Method method -->findElement
10:24:32.426  INFO  manager.ListenerWD - ******************************
10:24:32.427  INFO  manager.ListenerWD - InvocationTargetException getTargetExceptionorg.openqa.selenium.NoSuchElementException: Unable to find element with locator By.xpath: //button[text()='Sign Out']
For documentation on this error, please visit: https://selenium.dev/exceptions/#no_such_element
Build info: version: '4.7.1', revision: 'c6795baf1a3'
System info: os.name: 'Mac OS X', os.arch: 'aarch64', os.version: '13.0.1', java.version: '11.0.17'
Driver info: driver.version: RemoteWebDriver
10:24:32.427  INFO  manager.ListenerWD - ******************************
10:24:32.427  INFO  manager.ListenerWD - Object target---->> ChromeDriver: chrome on MAC (aec49e3a742390419262d52d19429947)
10:24:32.428  INFO  manager.ListenerWD - ******************************
