22:31:36.601  INFO  manager.ApplicationManager - All tests start in Chrome Browser
22:31:38.807  INFO  manager.ApplicationManager - Current url --> https://telranedu.web.app/home
22:31:38.810  INFO  manager.ListenerTNG - onStart --->Gradle test
22:31:38.825  INFO  tests.TestBase - The name of the starts method is --->loginSuccessNew
22:31:38.826  INFO  manager.ListenerWD - Before find element --> By.xpath: //button[text()='Sign Out']
22:31:43.880  INFO  manager.ListenerWD - We have a 'PROBLEM'
22:31:43.881  INFO  manager.ListenerWD - ******************************
22:31:43.881  INFO  manager.ListenerWD - Method method -->findElement
22:31:43.881  INFO  manager.ListenerWD - ******************************
22:31:43.882  INFO  manager.ListenerWD - InvocationTargetException getTargetExceptionorg.openqa.selenium.NoSuchElementException: no such element: Unable to locate element: {"method":"xpath","selector":"//button[text()='Sign Out']"}
  (Session info: chrome=109.0.5414.119)
For documentation on this error, please visit: https://selenium.dev/exceptions/#no_such_element
Build info: version: '4.7.1', revision: 'c6795baf1a3'
System info: os.name: 'Mac OS X', os.arch: 'aarch64', os.version: '13.0.1', java.version: '11.0.17'
Driver info: org.openqa.selenium.chrome.ChromeDriver
Command: [629915cd7a1b365396b7c6f4ba2f140a, findElement {using=xpath, value=//button[text()='Sign Out']}]
Capabilities {acceptInsecureCerts: false, browserName: chrome, browserVersion: 109.0.5414.119, chrome: {chromedriverVersion: 109.0.5414.74 (e7c5703604da..., userDataDir: /var/folders/_h/0pcbs0gj1fd...}, goog:chromeOptions: {debuggerAddress: localhost:55466}, networkConnectionEnabled: false, pageLoadStrategy: normal, platformName: MAC, proxy: Proxy(), se:cdp: ws://localhost:55466/devtoo..., se:cdpVersion: 109.0.5414.119, setWindowRect: true, strictFileInteractability: false, timeouts: {implicit: 0, pageLoad: 300000, script: 30000}, unhandledPromptBehavior: dismiss and notify, webauthn:extension:credBlob: true, webauthn:extension:largeBlob: true, webauthn:virtualAuthenticators: true}
Session ID: 629915cd7a1b365396b7c6f4ba2f140a
22:31:43.883  INFO  manager.ListenerWD - ******************************
22:31:43.884  INFO  manager.ListenerWD - Object target---->> ChromeDriver: chrome on MAC (629915cd7a1b365396b7c6f4ba2f140a)
22:31:43.884  INFO  manager.ListenerWD - ******************************
22:31:43.888  INFO  manager.ListenerWD - Screen with error is --->src/test/screenshots/screen-955.png
22:31:45.065  INFO  tests.TestBase - Logout success
22:31:45.066  INFO  manager.ListenerTNG - onTestStart --->loginSuccessNew
22:31:45.067  INFO  tests.TestBase - Login with valid data: pokh@1i.ua  &  Yyp12345!
22:31:45.067  INFO  manager.ListenerWD - Before find element --> By.cssSelector: a[href='/login']
22:31:45.093  INFO  manager.ListenerWD - After find element --> By.cssSelector: a[href='/login']
22:31:45.554  INFO  manager.ListenerWD - Before find element --> By.name: email
22:31:45.589  INFO  manager.ListenerWD - After find element --> By.name: email
22:31:46.110  INFO  manager.ListenerWD - Before find element --> By.name: password
22:31:46.143  INFO  manager.ListenerWD - After find element --> By.name: password
22:31:46.269  INFO  manager.ListenerWD - Before find element --> By.cssSelector: [name='login']
22:31:46.285  INFO  manager.ListenerWD - After find element --> By.cssSelector: [name='login']
22:31:46.877  INFO  manager.ListenerWD - Before find element --> By.xpath: //button[text()='Sign Out']
22:31:47.586  INFO  manager.ListenerWD - We have a 'PROBLEM'
22:31:47.587  INFO  manager.ListenerWD - ******************************
22:31:47.587  INFO  manager.ListenerWD - Method method -->findElement
22:31:47.587  INFO  manager.ListenerWD - ******************************
22:31:47.589  INFO  manager.ListenerWD - InvocationTargetException getTargetExceptionorg.openqa.selenium.NoSuchElementException: Unable to find element with locator By.xpath: //button[text()='Sign Out']
For documentation on this error, please visit: https://selenium.dev/exceptions/#no_such_element
Build info: version: '4.7.1', revision: 'c6795baf1a3'
System info: os.name: 'Mac OS X', os.arch: 'aarch64', os.version: '13.0.1', java.version: '11.0.17'
Driver info: driver.version: RemoteWebDriver
22:31:47.589  INFO  manager.ListenerWD - ******************************
22:31:47.589  INFO  manager.ListenerWD - Object target---->> ChromeDriver: chrome on MAC (629915cd7a1b365396b7c6f4ba2f140a)
22:31:47.590  INFO  manager.ListenerWD - ******************************
22:31:47.590  INFO  manager.ListenerWD - Screen with error is --->src/test/screenshots/screen-314.png
22:31:47.606  INFO  manager.ListenerTNG - onTestFailure --->loginSuccessNew
22:31:47.608  INFO  manager.ListenerTNG - onFinish --->Gradle test
